This is pdfTeX, Version 3.14159265-2.6-1.40.17 (TeX Live 2016/Debian) (preloaded format=pdflatex 2016.12.6)  1 JAN 2017 03:56
entering extended mode
 \write18 enabled.
 file:line:error style messages enabled.
 %&-line parsing enabled.
**frankenz.tex
(./frankenz.tex
LaTeX2e <2016/03/31> patch level 3
Babel <3.9r> and hyphenation patterns for 83 language(s) loaded.
(./mnras.cls
Document Class: mnras 2015/05/22\ v3.0\ LaTeX2e MNRAS document class
MNRAS document style v3.0, released 2015/05/22

Package mnras Warning: Unknown option `a4paper' on input line 113.


Package mnras Warning: Unknown option `english' on input line 113.

(/usr/share/texlive/texmf-dist/tex/latex/geometry/geometry.sty
Package: geometry 2010/09/12 v5.6 Page Geometry

(/usr/share/texlive/texmf-dist/tex/latex/graphics/keyval.sty
Package: keyval 2014/10/28 v1.15 key=value parser (DPC)
\KV@toks@=\toks14
)
(/usr/share/texlive/texmf-dist/tex/generic/oberdiek/ifpdf.sty
Package: ifpdf 2016/05/14 v3.1 Provides the ifpdf switch
)
(/usr/share/texlive/texmf-dist/tex/generic/oberdiek/ifvtex.sty
Package: ifvtex 2016/05/16 v1.6 Detect VTeX and its facilities (HO)
Package ifvtex Info: VTeX not detected.
)
(/usr/share/texlive/texmf-dist/tex/generic/ifxetex/ifxetex.sty
Package: ifxetex 2010/09/12 v0.6 Provides ifxetex conditional
)
\Gm@cnth=\count79
\Gm@cntv=\count80
\c@Gm@tempcnt=\count81
\Gm@bindingoffset=\dimen102
\Gm@wd@mp=\dimen103
\Gm@odd@mp=\dimen104
\Gm@even@mp=\dimen105
\Gm@layoutwidth=\dimen106
\Gm@layoutheight=\dimen107
\Gm@layouthoffset=\dimen108
\Gm@layoutvoffset=\dimen109
\Gm@dimlist=\toks15
)
(/usr/share/texlive/texmf-dist/tex/latex/base/fixltx2e.sty
Package: fixltx2e 2015/06/22 v2.0b fixes to LaTeX (obsolete)


Package fixltx2e Warning: fixltx2e is not required with releases after 2015
(fixltx2e)                All fixes are now in the LaTeX kernel.
(fixltx2e)                See the latexrelease package for details.

) (/usr/share/texlive/texmf-dist/tex/latex/hyperref/hyperref.sty
Package: hyperref 2016/06/24 v6.83q Hypertext links for LaTeX

(/usr/share/texlive/texmf-dist/tex/generic/oberdiek/hobsub-hyperref.sty
Package: hobsub-hyperref 2016/05/16 v1.14 Bundle oberdiek, subset hyperref (HO)


(/usr/share/texlive/texmf-dist/tex/generic/oberdiek/hobsub-generic.sty
Package: hobsub-generic 2016/05/16 v1.14 Bundle oberdiek, subset generic (HO)
Package: hobsub 2016/05/16 v1.14 Construct package bundles (HO)
Package: infwarerr 2016/05/16 v1.4 Providing info/warning/error messages (HO)
Package: ltxcmds 2016/05/16 v1.23 LaTeX kernel commands for general use (HO)
Package: ifluatex 2016/05/16 v1.4 Provides the ifluatex switch (HO)
Package ifluatex Info: LuaTeX not detected.
Package hobsub Info: Skipping package `ifvtex' (already loaded).
Package: intcalc 2016/05/16 v1.2 Expandable calculations with integers (HO)
Package hobsub Info: Skipping package `ifpdf' (already loaded).
Package: etexcmds 2016/05/16 v1.6 Avoid name clashes with e-TeX commands (HO)
Package etexcmds Info: Could not find \expanded.
(etexcmds)             That can mean that you are not using pdfTeX 1.50 or
(etexcmds)             that some package has redefined \expanded.
(etexcmds)             In the latter case, load this package earlier.
Package: kvsetkeys 2016/05/16 v1.17 Key value parser (HO)
Package: kvdefinekeys 2016/05/16 v1.4 Define keys (HO)
Package: pdftexcmds 2016/05/21 v0.22 Utility functions of pdfTeX for LuaTeX (HO
)
Package pdftexcmds Info: LuaTeX not detected.
Package pdftexcmds Info: \pdf@primitive is available.
Package pdftexcmds Info: \pdf@ifprimitive is available.
Package pdftexcmds Info: \pdfdraftmode found.
Package: pdfescape 2016/05/16 v1.14 Implements pdfTeX's escape features (HO)
Package: bigintcalc 2016/05/16 v1.4 Expandable calculations on big integers (HO
)
Package: bitset 2016/05/16 v1.2 Handle bit-vector datatype (HO)
Package: uniquecounter 2016/05/16 v1.3 Provide unlimited unique counter (HO)
)
Package hobsub Info: Skipping package `hobsub' (already loaded).
Package: letltxmacro 2016/05/16 v1.5 Let assignment for LaTeX macros (HO)
Package: hopatch 2016/05/16 v1.3 Wrapper for package hooks (HO)
Package: xcolor-patch 2016/05/16 xcolor patch
Package: atveryend 2016/05/16 v1.9 Hooks at the very end of document (HO)
Package atveryend Info: \enddocument detected (standard20110627).
Package: atbegshi 2016/06/09 v1.18 At begin shipout hook (HO)
Package: refcount 2016/05/16 v3.5 Data extraction from label references (HO)
Package: hycolor 2016/05/16 v1.8 Color options for hyperref/bookmark (HO)
)
(/usr/share/texlive/texmf-dist/tex/latex/oberdiek/auxhook.sty
Package: auxhook 2016/05/16 v1.4 Hooks for auxiliary files (HO)
)
(/usr/share/texlive/texmf-dist/tex/latex/oberdiek/kvoptions.sty
Package: kvoptions 2016/05/16 v3.12 Key value format for package options (HO)
)
\@linkdim=\dimen110
\Hy@linkcounter=\count82
\Hy@pagecounter=\count83

(/usr/share/texlive/texmf-dist/tex/latex/hyperref/pd1enc.def
File: pd1enc.def 2016/06/24 v6.83q Hyperref: PDFDocEncoding definition (HO)
)
\Hy@SavedSpaceFactor=\count84

(/usr/share/texlive/texmf-dist/tex/latex/latexconfig/hyperref.cfg
File: hyperref.cfg 2002/06/06 v1.2 hyperref configuration of TeXLive
)
Package hyperref Info: Hyper figures OFF on input line 4486.
Package hyperref Info: Link nesting OFF on input line 4491.
Package hyperref Info: Hyper index ON on input line 4494.
Package hyperref Info: Plain pages OFF on input line 4501.
Package hyperref Info: Backreferencing OFF on input line 4506.
Package hyperref Info: Implicit mode ON; LaTeX internals redefined.
Package hyperref Info: Bookmarks ON on input line 4735.
\c@Hy@tempcnt=\count85

(/usr/share/texlive/texmf-dist/tex/latex/url/url.sty
\Urlmuskip=\muskip10
Package: url 2013/09/16  ver 3.4  Verb mode for urls, etc.
)
LaTeX Info: Redefining \url on input line 5088.
\XeTeXLinkMargin=\dimen111
\Fld@menulength=\count86
\Field@Width=\dimen112
\Fld@charsize=\dimen113
Package hyperref Info: Hyper figures OFF on input line 6342.
Package hyperref Info: Link nesting OFF on input line 6347.
Package hyperref Info: Hyper index ON on input line 6350.
Package hyperref Info: backreferencing OFF on input line 6357.
Package hyperref Info: Link coloring OFF on input line 6362.
Package hyperref Info: Link coloring with OCG OFF on input line 6367.
Package hyperref Info: PDF/A mode OFF on input line 6372.
LaTeX Info: Redefining \ref on input line 6412.
LaTeX Info: Redefining \pageref on input line 6416.


Package hyperref Warning: Option `pdfpagelabels' is turned off
(hyperref)                because \thepage is undefined.

\c@Item=\count87
\c@Hfootnote=\count88
)

Package hyperref Message: Driver (autodetected): hpdftex.

(/usr/share/texlive/texmf-dist/tex/latex/hyperref/hpdftex.def
File: hpdftex.def 2016/06/24 v6.83q Hyperref driver for pdfTeX
\Fld@listcount=\count89
\c@bookmark@seq@number=\count90

(/usr/share/texlive/texmf-dist/tex/latex/oberdiek/rerunfilecheck.sty
Package: rerunfilecheck 2016/05/16 v1.8 Rerun checks for auxiliary files (HO)
Package uniquecounter Info: New unique counter `rerunfilecheck' on input line 2
82.
)
\Hy@SectionHShift=\skip41
)
Package hyperref Info: Option `colorlinks' set `true' on input line 123.
\math@groups=\toks16
LaTeX Font Info:    Overwriting symbol font `symbols' in version `bold'
(Font)                  OMS/cmsy/b/n --> OMS/cmsy/b/n on input line 276.
\symbmisymbols=\mathgroup4
\SFB@measure=\dimen114
\realparindent=\skip42
\c@part=\count91
\c@section=\count92
\c@subsection=\count93
\c@subsubsection=\count94
\c@paragraph=\count95
\c@subparagraph=\count96
\@indentskip=\skip43
\smallindent=\skip44
\@footindent=\skip45
\@leftskip=\skip46

(/usr/share/texlive/texmf-dist/tex/latex/natbib/natbib.sty
Package: natbib 2010/09/13 8.31b (PWD, AO)
\bibhang=\skip47
\bibsep=\skip48
LaTeX Info: Redefining \cite on input line 694.
\c@NAT@ctr=\count97
)
\c@table=\count98
\c@figure=\count99
)
(/usr/share/texlive/texmf-dist/tex/latex/base/fontenc.sty
Package: fontenc 2016/06/19 v1.99m Standard LaTeX package

(/usr/share/texlive/texmf-dist/tex/latex/base/t1enc.def
File: t1enc.def 2016/06/19 v1.99m Standard LaTeX file
LaTeX Font Info:    Redeclaring font encoding T1 on input line 48.
))
(/usr/share/texlive/texmf-dist/tex/latex/ae/ae.sty
Package: ae 2001/02/12 1.3 Almost European Computer Modern

(/usr/share/texlive/texmf-dist/tex/latex/base/fontenc.sty
Package: fontenc 2016/06/19 v1.99m Standard LaTeX package

(/usr/share/texlive/texmf-dist/tex/latex/base/t1enc.def
File: t1enc.def 2016/06/19 v1.99m Standard LaTeX file
LaTeX Font Info:    Redeclaring font encoding T1 on input line 48.
)
LaTeX Font Info:    Try loading font information for T1+aer on input line 105.

(/usr/share/texlive/texmf-dist/tex/latex/ae/t1aer.fd
File: t1aer.fd 1997/11/16 Font definitions for T1/aer.
)))
(/usr/share/texlive/texmf-dist/tex/latex/ae/aecompl.sty
Package: aecompl 1998/07/23 0.9 T1 Complements for AE fonts (D. Roegel)
)
(/usr/share/texlive/texmf-dist/tex/latex/xcolor/xcolor.sty
Package: xcolor 2016/05/11 v2.12 LaTeX color extensions (UK)

(/usr/share/texlive/texmf-dist/tex/latex/graphics-cfg/color.cfg
File: color.cfg 2016/01/02 v1.6 sample color configuration
)
Package xcolor Info: Package option `usenames' ignored on input line 216.
Package xcolor Info: Driver file: pdftex.def on input line 225.

(/usr/share/texlive/texmf-dist/tex/latex/graphics-def/pdftex.def
File: pdftex.def 2016/07/10 v0.06j Graphics/color for pdfTeX
\Gread@gobject=\count100
)
(/usr/share/texlive/texmf-dist/tex/latex/colortbl/colortbl.sty
Package: colortbl 2012/02/13 v1.0a Color table columns (DPC)

(/usr/share/texlive/texmf-dist/tex/latex/tools/array.sty
Package: array 2014/10/28 v2.4c Tabular extension package (FMi)
\col@sep=\dimen115
\extrarowheight=\dimen116
\NC@list=\toks17
\extratabsurround=\skip49
\backup@length=\skip50
)
\everycr=\toks18
\minrowclearance=\skip51
)
\rownum=\count101
Package xcolor Info: Model `cmy' substituted by `cmy0' on input line 1348.
Package xcolor Info: Model `hsb' substituted by `rgb' on input line 1352.
Package xcolor Info: Model `RGB' extended on input line 1364.
Package xcolor Info: Model `HTML' substituted by `rgb' on input line 1366.
Package xcolor Info: Model `Hsb' substituted by `hsb' on input line 1367.
Package xcolor Info: Model `tHsb' substituted by `hsb' on input line 1368.
Package xcolor Info: Model `HSB' substituted by `hsb' on input line 1369.
Package xcolor Info: Model `Gray' substituted by `gray' on input line 1370.
Package xcolor Info: Model `wave' substituted by `hsb' on input line 1371.

(/usr/share/texlive/texmf-dist/tex/latex/graphics/dvipsnam.def
File: dvipsnam.def 2016/06/17 v3.0m Driver-dependent file (DPC,SPQR)
)
(/usr/share/texlive/texmf-dist/tex/latex/xcolor/svgnam.def
File: svgnam.def 2016/05/11 v2.12 Predefined colors according to SVG 1.1 (UK)
))
(/usr/share/texlive/texmf-dist/tex/latex/amsfonts/amssymb.sty
Package: amssymb 2013/01/14 v3.01 AMS font symbols

(/usr/share/texlive/texmf-dist/tex/latex/amsfonts/amsfonts.sty
Package: amsfonts 2013/01/14 v3.01 Basic AMSFonts support
\@emptytoks=\toks19
\symAMSa=\mathgroup5
\symAMSb=\mathgroup6
LaTeX Font Info:    Overwriting math alphabet `\mathfrak' in version `bold'
(Font)                  U/euf/m/n --> U/euf/b/n on input line 106.
))
(/usr/share/texlive/texmf-dist/tex/latex/amsmath/amsmath.sty
Package: amsmath 2016/06/28 v2.15d AMS math features
\@mathmargin=\skip52

For additional information on amsmath, use the `?' option.
(/usr/share/texlive/texmf-dist/tex/latex/amsmath/amstext.sty
Package: amstext 2000/06/29 v2.01 AMS text

(/usr/share/texlive/texmf-dist/tex/latex/amsmath/amsgen.sty
File: amsgen.sty 1999/11/30 v2.0 generic functions
\@emptytoks=\toks20
\ex@=\dimen117
))
(/usr/share/texlive/texmf-dist/tex/latex/amsmath/amsbsy.sty
Package: amsbsy 1999/11/29 v1.2d Bold Symbols
\pmbraise@=\dimen118
)
(/usr/share/texlive/texmf-dist/tex/latex/amsmath/amsopn.sty
Package: amsopn 2016/03/08 v2.02 operator names
)
\inf@bad=\count102
LaTeX Info: Redefining \frac on input line 199.
\uproot@=\count103
\leftroot@=\count104
LaTeX Info: Redefining \overline on input line 297.
\classnum@=\count105
\DOTSCASE@=\count106
LaTeX Info: Redefining \ldots on input line 394.
LaTeX Info: Redefining \dots on input line 397.
LaTeX Info: Redefining \cdots on input line 518.
\Mathstrutbox@=\box26
\strutbox@=\box27
\big@size=\dimen119
LaTeX Font Info:    Redeclaring font encoding OML on input line 634.
LaTeX Font Info:    Redeclaring font encoding OMS on input line 635.
\macc@depth=\count107
\c@MaxMatrixCols=\count108
\dotsspace@=\muskip11
\c@parentequation=\count109
\dspbrk@lvl=\count110
\tag@help=\toks21
\row@=\count111
\column@=\count112
\maxfields@=\count113
\andhelp@=\toks22
\eqnshift@=\dimen120
\alignsep@=\dimen121
\tagshift@=\dimen122
\tagwidth@=\dimen123
\totwidth@=\dimen124
\lineht@=\dimen125
\@envbody=\toks23
\multlinegap=\skip53
\multlinetaggap=\skip54
\mathdisplay@stack=\toks24
LaTeX Info: Redefining \[ on input line 2739.
LaTeX Info: Redefining \] on input line 2740.
)
(/usr/share/texlive/texmf-dist/tex/latex/relsize/relsize.sty
Package: relsize 2013/03/29 ver 4.1
) (./undertilde.sty
Package: undertilde 2000/08/08 v1.0 Tilde under a math object
\knuthian@fdfive=\skip55
) (/usr/share/texlive/texmf-dist/tex/generic/babel/babel.sty
Package: babel 2016/04/23 3.9r The Babel package

(/usr/share/texlive/texmf-dist/tex/generic/babel-english/english.ldf
Language: english 2012/08/20 v3.3p English support from the babel system

(/usr/share/texlive/texmf-dist/tex/generic/babel/babel.def
File: babel.def 2016/04/23 3.9r Babel common definitions
\babel@savecnt=\count114
\U@D=\dimen126
)
\l@canadian = a dialect from \language\l@american 
\l@australian = a dialect from \language\l@british 
\l@newzealand = a dialect from \language\l@british 
))
(/usr/share/texlive/texmf-dist/tex/latex/graphics/graphicx.sty
Package: graphicx 2014/10/28 v1.0g Enhanced LaTeX Graphics (DPC,SPQR)

(/usr/share/texlive/texmf-dist/tex/latex/graphics/graphics.sty
Package: graphics 2016/07/10 v1.0t Standard LaTeX Graphics (DPC,SPQR)

(/usr/share/texlive/texmf-dist/tex/latex/graphics/trig.sty
Package: trig 2016/01/03 v1.10 sin cos tan (DPC)
)
(/usr/share/texlive/texmf-dist/tex/latex/graphics-cfg/graphics.cfg
File: graphics.cfg 2016/06/04 v1.11 sample graphics configuration
)
Package graphics Info: Driver file: pdftex.def on input line 99.
)
\Gin@req@height=\dimen127
\Gin@req@width=\dimen128
)
(/usr/share/texlive/texmf-dist/tex/latex/tools/multicol.sty
Package: multicol 2016/04/07 v1.8p multicolumn formatting (FMi)
\c@tracingmulticols=\count115
\mult@box=\box28
\multicol@leftmargin=\dimen129
\c@unbalance=\count116
\c@collectmore=\count117
\doublecol@number=\count118
\multicoltolerance=\count119
\multicolpretolerance=\count120
\full@width=\dimen130
\page@free=\dimen131
\premulticols=\dimen132
\postmulticols=\dimen133
\multicolsep=\skip56
\multicolbaselineskip=\skip57
\partial@page=\box29
\last@line=\box30
\maxbalancingoverflow=\dimen134
\mult@rightbox=\box31
\mult@grightbox=\box32
\mult@gfirstbox=\box33
\mult@firstbox=\box34
\@tempa=\box35
\@tempa=\box36
\@tempa=\box37
\@tempa=\box38
\@tempa=\box39
\@tempa=\box40
\@tempa=\box41
\@tempa=\box42
\@tempa=\box43
\@tempa=\box44
\@tempa=\box45
\@tempa=\box46
\@tempa=\box47
\@tempa=\box48
\@tempa=\box49
\@tempa=\box50
\@tempa=\box51
\c@columnbadness=\count121
\c@finalcolumnbadness=\count122
\last@try=\dimen135
\multicolovershoot=\dimen136
\multicolundershoot=\dimen137
\mult@nat@firstbox=\box52
\colbreak@box=\box53
\mc@col@check@num=\count123
)
(/usr/share/texlive/texmf-dist/tex/latex/tools/bm.sty
Package: bm 2016/07/07 v1.2b Bold Symbol Support (DPC/FMi)
\symboldoperators=\mathgroup7
\symboldletters=\mathgroup8
\symboldsymbols=\mathgroup9
LaTeX Font Info:    Redeclaring math alphabet \mathbf on input line 142.
LaTeX Info: Redefining \bm on input line 208.
)
(/usr/share/texlive/texmf-dist/tex/latex/oberdiek/pdflscape.sty
Package: pdflscape 2016/05/14 v0.11 Display of landscape pages in PDF (HO)

(/usr/share/texlive/texmf-dist/tex/latex/graphics/lscape.sty
Package: lscape 2000/10/22 v3.01 Landscape Pages (DPC)
)
Package pdflscape Info: Auto-detected driver: pdftex on input line 81.
)
(/usr/share/texlive/texmf-dist/tex/latex/subfig/subfig.sty
Package: subfig 2005/06/28 ver: 1.3 subfig package


Package subfig Warning: Your document class has a bad definition
 of \endfigure, most likely
 \let\endfigure=\end@float
 which has now been changed to
 \def\endfigure{\end@float}
 because otherwise subsequent changes to \end@float
 (like done by several packages changing float behaviour)
 can't take effect on \endfigure.
 Please complain to your document class author.


Package subfig Warning: Your document class has a bad definition
 of \endtable, most likely
 \let\endtable=\end@float
 which has now been changed to
 \def\endtable{\end@float}
 because otherwise subsequent changes to \end@float
 (like done by several packages changing float behaviour)
 can't take effect on \endtable.
 Please complain to your document class author.

(/usr/share/texlive/texmf-dist/tex/latex/caption/caption.sty
Package: caption 2016/02/21 v3.3-144 Customizing captions (AR)

(/usr/share/texlive/texmf-dist/tex/latex/caption/caption3.sty
Package: caption3 2016/05/22 v1.7-166 caption3 kernel (AR)
Package caption3 Info: TeX engine: e-TeX on input line 67.
\captionmargin=\dimen138
\captionmargin@=\dimen139
\captionwidth=\dimen140
\caption@tempdima=\dimen141
\caption@indent=\dimen142
\caption@parindent=\dimen143
\caption@hangindent=\dimen144
\abovecaptionskip=\skip58
\belowcaptionskip=\skip59
Package caption Info: Unknown document class (or package),
(caption)             standard defaults will be used.
)

Package caption Warning: Unsupported document class (or package) detected,
(caption)                usage of the caption package is not recommended.
See the caption package documentation for explanation.

Package caption Info: \@makecaption = undefined.
\c@ContinuedFloat=\count124
Package caption Info: hyperref package is loaded.
)
\c@KVtest=\count125
\sf@farskip=\skip60
\sf@captopadj=\dimen145
\sf@capskip=\skip61
\sf@nearskip=\skip62
\c@subfigure=\count126
\c@subfigure@save=\count127
\c@lofdepth=\count128
\c@subtable=\count129
\c@subtable@save=\count130
\c@lotdepth=\count131
\sf@top=\skip63
\sf@bottom=\skip64
) (/usr/share/texlive/texmf-dist/tex/latex/graphics/rotating.sty
Package: rotating 2016/05/22 v2.16c rotated objects in LaTeX

(/usr/share/texlive/texmf-dist/tex/latex/base/ifthen.sty
Package: ifthen 2014/09/29 v1.1c Standard LaTeX ifthen package (DPC)
)
\c@r@tfl@t=\count132
\rotFPtop=\skip65
\rotFPbot=\skip66
\rot@float@box=\box54
\rot@mess@toks=\toks25
)
(/usr/share/texlive/texmf-dist/tex/latex/tools/longtable.sty
Package: longtable 2014/10/28 v4.11 Multi-page Table package (DPC)
\LTleft=\skip67
\LTright=\skip68
\LTpre=\skip69
\LTpost=\skip70
\LTchunksize=\count133
\LTcapwidth=\dimen146
\LT@head=\box55
\LT@firsthead=\box56
\LT@foot=\box57
\LT@lastfoot=\box58
\LT@cols=\count134
\LT@rows=\count135
\c@LT@tables=\count136
\c@LT@chunks=\count137
\LT@p@ftn=\toks26
)
(/usr/share/texlive/texmf-dist/tex/latex/bigints/bigints.sty
Package: bigints 2010/02/15 Writing big integrals
Package bigints Info: This is Bigints by Merciadri Luca. on input line 5.
)
(/usr/share/texlive/texmf-dist/tex/latex/algorithm2e/algorithm2e.sty
Package: algorithm2e 2013/01/06 v5.00 algorithms environments
\c@AlgoLine=\count138
\algocf@hangindent=\skip71

(/usr/share/texlive/texmf-dist/tex/latex/tools/xspace.sty
Package: xspace 2014/10/28 v1.13 Space after command names (DPC,MH)
)
********************************************************
Package `algorithm2e' Release 5.1 -- october 19 2015 --
- algorithm2e-announce@lirmm.fr mailing list for announcement about releases
- algorithm2e-discussion@lirmm.fr mailing list for discussion about package
subscribe by emailing sympa@lirmm.fr with 'subscribe <list> <firstname name>'
- Author: Christophe Fiorio (christophe.fiorio@umontpellier.fr)
********************************************************
\skiptotal=\skip72
\skiplinenumber=\skip73
\skiprule=\skip74
\skiphlne=\skip75
\skiptext=\skip76
\skiplength=\skip77
\algomargin=\skip78
\skipalgocfslide=\skip79
\algowidth=\dimen147
\inoutsize=\dimen148
\inoutindent=\dimen149
\interspacetitleruled=\dimen150
\interspacealgoruled=\dimen151
\interspacetitleboxruled=\dimen152
\algocf@ruledwidth=\skip80
\algocf@inoutbox=\box59
\algocf@inputbox=\box60
\AlCapSkip=\skip81
\AlCapHSkip=\skip82
\algoskipindent=\skip83
\algocf@nlbox=\box61
\algocf@hangingbox=\box62
\algocf@untilbox=\box63
\algocf@skipuntil=\skip84
\algocf@capbox=\box64
\algoheightruledefault=\skip85
\algoheightrule=\skip86
\algotitleheightruledefault=\skip87
\algotitleheightrule=\skip88
\c@algocfline=\count139
\c@algocfproc=\count140
\c@algocf=\count141
\algocf@algoframe=\box65
\algocf@algobox=\box66
) (./frankenz.aux

LaTeX Warning: Label `eq:mvg_C' multiply defined.

)
\openout1 = `frankenz.aux'.

LaTeX Font Info:    Checking defaults for OML/cmm/m/it on input line 114.
LaTeX Font Info:    ... okay on input line 114.
LaTeX Font Info:    Checking defaults for T1/cmr/m/n on input line 114.
LaTeX Font Info:    ... okay on input line 114.
LaTeX Font Info:    Checking defaults for OT1/cmr/m/n on input line 114.
LaTeX Font Info:    ... okay on input line 114.
LaTeX Font Info:    Checking defaults for OMS/cmsy/m/n on input line 114.
LaTeX Font Info:    ... okay on input line 114.
LaTeX Font Info:    Checking defaults for OMX/cmex/m/n on input line 114.
LaTeX Font Info:    ... okay on input line 114.
LaTeX Font Info:    Checking defaults for U/cmr/m/n on input line 114.
LaTeX Font Info:    ... okay on input line 114.
LaTeX Font Info:    Checking defaults for PD1/pdf/m/n on input line 114.
LaTeX Font Info:    ... okay on input line 114.

*geometry* driver: auto-detecting
*geometry* detected driver: pdftex
*geometry* verbose mode - [ preamble ] result:
* driver: pdftex
* paper: a4paper
* layout: <same size as paper>
* layoutoffset:(h,v)=(0.0pt,0.0pt)
* modes: twoside 
* h-part:(L,W,R)=(71.70166pt, 418.25368pt, 107.55254pt)
* v-part:(T,H,B)=(101.40665pt, 591.5302pt, 152.11pt)
* \paperwidth=597.50787pt
* \paperheight=845.04684pt
* \textwidth=504.0pt
* \textheight=682.0pt
* \oddsidemargin=-30.0pt
* \evensidemargin=-30.0pt
* \topmargin=0.0pt
* \headheight=14.0pt
* \headsep=15.0pt
* \topskip=9.0pt
* \footskip=22.0pt
* \marginparwidth=48.0pt
* \marginparsep=6.0pt
* \columnsep=24.0pt
* \skip\footins=19.5pt plus 12.0pt minus 1.0pt
* \hoffset=0.0pt
* \voffset=0.0pt
* \mag=1000
* \@twocolumntrue
* \@twosidetrue
* \@mparswitchtrue
* \@reversemarginfalse
* (1in=72.27pt=25.4mm, 1cm=28.453pt)

\AtBeginShipoutBox=\box67
Package hyperref Info: Link coloring ON on input line 114.
(/usr/share/texlive/texmf-dist/tex/latex/hyperref/nameref.sty
Package: nameref 2016/05/21 v2.44 Cross-referencing by name of section

(/usr/share/texlive/texmf-dist/tex/generic/oberdiek/gettitlestring.sty
Package: gettitlestring 2016/05/16 v1.5 Cleanup title references (HO)
)
\c@section@level=\count142
)
LaTeX Info: Redefining \ref on input line 114.
LaTeX Info: Redefining \pageref on input line 114.
LaTeX Info: Redefining \nameref on input line 114.

(./frankenz.out) (./frankenz.out)
\@outlinefile=\write3
\openout3 = `frankenz.out'.


(/usr/share/texlive/texmf-dist/tex/context/base/mkii/supp-pdf.mkii
[Loading MPS to PDF converter (version 2006.09.02).]
\scratchcounter=\count143
\scratchdimen=\dimen153
\scratchbox=\box68
\nofMPsegments=\count144
\nofMParguments=\count145
\everyMPshowfont=\toks27
\MPscratchCnt=\count146
\MPscratchDim=\dimen154
\MPnumerator=\count147
\makeMPintoPDFobject=\count148
\everyMPtoPDFconversion=\toks28
) (/usr/share/texlive/texmf-dist/tex/latex/oberdiek/epstopdf-base.sty
Package: epstopdf-base 2016/05/15 v2.6 Base part for package epstopdf

(/usr/share/texlive/texmf-dist/tex/latex/oberdiek/grfext.sty
Package: grfext 2016/05/16 v1.2 Manage graphics extensions (HO)
)
Package epstopdf-base Info: Redefining graphics rule for `.eps' on input line 4
38.
Package grfext Info: Graphics extension search list:
(grfext)             [.png,.pdf,.jpg,.mps,.jpeg,.jbig2,.jb2,.PNG,.PDF,.JPG,.JPE
G,.JBIG2,.JB2,.eps]
(grfext)             \AppendGraphicsExtensions on input line 456.

(/usr/share/texlive/texmf-dist/tex/latex/latexconfig/epstopdf-sys.cfg
File: epstopdf-sys.cfg 2010/07/13 v1.3 Configuration of (r)epstopdf for TeX Liv
e
))
Package caption Info: Begin \AtBeginDocument code.
Package caption Info: subfig package v1.3 is loaded.
Package caption Info: Incompatible package detected (regarding \caption).
(caption)             \caption = macro:->\refstepcounter \@captype \@dblarg {\@
caption \@captype }.


Package caption Warning: \caption will not be redefined since it's already
(caption)                redefined by a document class or package which is
(caption)                unknown to the caption package.
See the caption package documentation for explanation.

Package caption Info: longtable package is loaded.
(/usr/share/texlive/texmf-dist/tex/latex/caption/ltcaption.sty
Package: ltcaption 2013/06/09 v1.4-94 longtable captions (AR)
)
Package caption Info: rotating package is loaded.
Package caption Info: End \AtBeginDocument code.
LaTeX Font Info:    Try loading font information for U+msa on input line 117.

(/usr/share/texlive/texmf-dist/tex/latex/amsfonts/umsa.fd
File: umsa.fd 2013/01/14 v3.01 AMS symbols A
)
LaTeX Font Info:    Try loading font information for U+msb on input line 117.

(/usr/share/texlive/texmf-dist/tex/latex/amsfonts/umsb.fd
File: umsb.fd 2013/01/14 v3.01 AMS symbols B
)
LaTeX Font Info:    Try loading font information for T1+aett on input line 121.


(/usr/share/texlive/texmf-dist/tex/latex/ae/t1aett.fd
File: t1aett.fd 1997/11/16 Font definitions for T1/aett.
)
Underfull \vbox (badness 10000) has occurred while \output is active []

LaTeX Font Info:    Try loading font information for OMS+aer on input line 138.


(/usr/share/texlive/texmf-dist/tex/latex/ae/omsaer.fd
File: omsaer.fd 1999/12/27
)
LaTeX Font Info:    Font shape `OMS/aer/m/n' in size <8> not available
(Font)              Font shape `OMS/cmsy/m/n' tried instead on input line 138.
 [1{/var/lib/texmf/fonts/map/pdftex/updmap/pdftex.map}


]

LaTeX Warning: Reference `tab:stats' on page 2 undefined on input line 155.


Underfull \vbox (badness 3735) has occurred while \output is active []

 [2]
[3]
LaTeX Font Info:    Calculating math sizes for size <10.79997> on input line 34
3.


LaTeX Font Warning: Font shape `OT1/cmr/m/n' in size <7.55994> not available
(Font)              size <8> substituted on input line 343.


LaTeX Font Warning: Font shape `OML/cmm/m/it' in size <7.55994> not available
(Font)              size <8> substituted on input line 343.


LaTeX Font Warning: Font shape `OMS/cmsy/m/n' in size <7.55994> not available
(Font)              size <8> substituted on input line 343.


LaTeX Font Warning: Font shape `OML/cmm/b/it' in size <7.55994> not available
(Font)              size <8> substituted on input line 343.


LaTeX Font Warning: Font shape `OT1/cmr/bx/n' in size <7.55994> not available
(Font)              size <8> substituted on input line 343.


LaTeX Font Warning: Font shape `OMS/cmsy/b/n' in size <7.55994> not available
(Font)              size <8> substituted on input line 343.

LaTeX Font Info:    Calculating math sizes for size <12.95992> on input line 34
3.

LaTeX Font Warning: Font shape `OT1/cmr/m/n' in size <12.95992> not available
(Font)              size <12> substituted on input line 343.


LaTeX Font Warning: Font shape `OT1/cmr/m/n' in size <6.47995> not available
(Font)              size <6> substituted on input line 343.


LaTeX Font Warning: Font shape `OML/cmm/m/it' in size <12.95992> not available
(Font)              size <12> substituted on input line 343.


LaTeX Font Warning: Font shape `OML/cmm/m/it' in size <6.47995> not available
(Font)              size <6> substituted on input line 343.


LaTeX Font Warning: Font shape `OMS/cmsy/m/n' in size <12.95992> not available
(Font)              size <12> substituted on input line 343.


LaTeX Font Warning: Font shape `OMS/cmsy/m/n' in size <6.47995> not available
(Font)              size <6> substituted on input line 343.


LaTeX Font Warning: Font shape `OML/cmm/b/it' in size <12.95992> not available
(Font)              size <12> substituted on input line 343.


LaTeX Font Warning: Font shape `OML/cmm/b/it' in size <6.47995> not available
(Font)              size <6> substituted on input line 343.


LaTeX Font Warning: Font shape `OT1/cmr/bx/n' in size <12.95992> not available
(Font)              size <12> substituted on input line 343.


LaTeX Font Warning: Font shape `OT1/cmr/bx/n' in size <6.47995> not available
(Font)              size <6> substituted on input line 343.


LaTeX Font Warning: Font shape `OMS/cmsy/b/n' in size <12.95992> not available
(Font)              size <12> substituted on input line 343.


LaTeX Font Warning: Font shape `OMS/cmsy/b/n' in size <6.47995> not available
(Font)              size <6> substituted on input line 343.

[4] [5]
Underfull \hbox (badness 1675) in paragraph at lines 456--458
\T1/aer/m/n/9 cor-rec-tion, how-ever, is ex-tremely straight-for-ward since
 []

[6] [7]
Underfull \hbox (badness 1168) in paragraph at lines 598--599
[][]\T1/aer/bx/n/9 ADD OVERVIEW FIG-URE FOR FRAME-
 []

[8]

Package hyperref Warning: Token not allowed in a PDF string (PDFDocEncoding):
(hyperref)                removing `math shift' on input line 663.


Package hyperref Warning: Token not allowed in a PDF string (PDFDocEncoding):
(hyperref)                removing `math shift' on input line 663.


Underfull \vbox (badness 1337) has occurred while \output is active []


Underfull \hbox (badness 1137) in paragraph at lines 721--722
\T1/aer/m/n/9 set $\OMS/cmsy/m/n/9 f\OT1/cmr/bx/n/9 w[]\OML/cmm/m/it/9 ; P\OT1/
cmr/m/n/9 (\OML/cmm/m/it/9 h\OMS/cmsy/m/n/9 j\OML/cmm/m/it/9 g; s[] \OT1/cmr/m/
n/9 = 1\OML/cmm/m/it/9 ; w[]; \OMS/cmsy/b/n/9 S\OT1/cmr/m/n/9 )\OML/cmm/m/it/9 
; [] ; \OT1/cmr/bx/n/9 w[]\OML/cmm/m/it/9 ; P\OT1/cmr/m/n/9 (\OML/cmm/m/it/9 h\
OMS/cmsy/m/n/9 j\OML/cmm/m/it/9 g; s[] \OT1/cmr/m/n/9 =
 []

[9pdfTeX warning (ext4): destination with the same identifier (name{equation.76
}) has been already used, duplicate ignored

\AtBegShi@Output ...ipout \box \AtBeginShipoutBox 
                                                  \fi \fi 
l.722 
      ]

Package hyperref Warning: Token not allowed in a PDF string (PDFDocEncoding):
(hyperref)                removing `math shift' on input line 783.


Package hyperref Warning: Token not allowed in a PDF string (PDFDocEncoding):
(hyperref)                removing `math shift' on input line 783.


Package hyperref Warning: Token not allowed in a PDF string (PDFDocEncoding):
(hyperref)                removing `math shift' on input line 783.


Package hyperref Warning: Token not allowed in a PDF string (PDFDocEncoding):
(hyperref)                removing `math shift' on input line 783.

[10]
Underfull \vbox (badness 2376) has occurred while \output is active []


<mag_dist_sel.png, id=554, 697.4055pt x 175.6161pt>
File: mag_dist_sel.png Graphic file (type png)
 <use mag_dist_sel.png>
Package pdftex.def Info: mag_dist_sel.png used on input line 837.
(pdftex.def)             Requested size: 504.0pt x 126.9178pt.

<z_dist.png, id=556, 995.8806pt x 419.8887pt>
File: z_dist.png Graphic file (type png)
 <use z_dist.png>
Package pdftex.def Info: z_dist.png used on input line 845.
(pdftex.def)             Requested size: 241.91785pt x 101.99266pt.

Overfull \hbox (1.91785pt too wide) in paragraph at lines 845--846
 [] 
 []

<mag_impute.png, id=557, 681.5061pt x 310.761pt>
File: mag_impute.png Graphic file (type png)
 <use mag_impute.png>
Package pdftex.def Info: mag_impute.png used on input line 853.
(pdftex.def)             Requested size: 241.91785pt x 110.30907pt.

Overfull \hbox (1.91785pt too wide) in paragraph at lines 853--854
 [] 
 []

<z_fits_model.png, id=558, 995.8806pt x 419.8887pt>
File: z_fits_model.png Graphic file (type png)
 <use z_fits_model.png>
Package pdftex.def Info: z_fits_model.png used on input line 861.
(pdftex.def)             Requested size: 241.91785pt x 101.99266pt.

Overfull \hbox (1.91785pt too wide) in paragraph at lines 861--862
 [] 
 []

<z_fits_model_sfixed.png, id=559, 995.8806pt x 419.8887pt>
File: z_fits_model_sfixed.png Graphic file (type png)

<use z_fits_model_sfixed.png>
Package pdftex.def Info: z_fits_model_sfixed.png used on input line 869.
(pdftex.def)             Requested size: 241.91785pt x 101.99266pt.

Overfull \hbox (1.91785pt too wide) in paragraph at lines 869--870
 [] 
 []

<z_fits_frankenz_sel.png, id=560, 995.8806pt x 419.8887pt>
File: z_fits_frankenz_sel.png Graphic file (type png)

<use z_fits_frankenz_sel.png>
Package pdftex.def Info: z_fits_frankenz_sel.png used on input line 877.
(pdftex.def)             Requested size: 241.91785pt x 101.99266pt.

Overfull \hbox (1.91785pt too wide) in paragraph at lines 877--878
 [] 
 []

<z_fits_frankenz_sel_hier.png, id=561, 902.6523pt x 404.712pt>
File: z_fits_frankenz_sel_hier.png Graphic file (type png)

<use z_fits_frankenz_sel_hier.png>
Package pdftex.def Info: z_fits_frankenz_sel_hier.png used on input line 885.
(pdftex.def)             Requested size: 241.91785pt x 108.46472pt.

Overfull \hbox (1.91785pt too wide) in paragraph at lines 885--886
 [] 
 []

(./frankenz.bbl [11]
Underfull \vbox (badness 10000) has occurred while \output is active []

 [12pdfTeX warning (ext4): destination with the same identifier (name{figure.1}
) has been already used, duplicate ignored

\AtBegShi@Output ...ipout \box \AtBeginShipoutBox 
                                                  \fi \fi 
l.27 ...Almosallam} et~al.}{2016}]{almosallam+16b}
                                                  pdfTeX warning (ext4): destin
ation with the same identifier (name{figure.2}) has been already used, duplicat
e ignored

\AtBegShi@Output ...ipout \box \AtBeginShipoutBox 
                                                  \fi \fi 
l.27 ...Almosallam} et~al.}{2016}]{almosallam+16b}
                                                  pdfTeX warning (ext4): destin
ation with the same identifier (name{figure.3}) has been already used, duplicat
e ignored

\AtBegShi@Output ...ipout \box \AtBeginShipoutBox 
                                                  \fi \fi 
l.27 ...Almosallam} et~al.}{2016}]{almosallam+16b}
                                                  pdfTeX warning (ext4): destin
ation with the same identifier (name{figure.4}) has been already used, duplicat
e ignored

\AtBegShi@Output ...ipout \box \AtBeginShipoutBox 
                                                  \fi \fi 
l.27 ...Almosallam} et~al.}{2016}]{almosallam+16b}
                                                  pdfTeX warning (ext4): destin
ation with the same identifier (name{figure.5}) has been already used, duplicat
e ignored

\AtBegShi@Output ...ipout \box \AtBeginShipoutBox 
                                                  \fi \fi 
l.27 ...Almosallam} et~al.}{2016}]{almosallam+16b}
                                                  pdfTeX warning (ext4): destin
ation with the same identifier (name{figure.6}) has been already used, duplicat
e ignored

\AtBegShi@Output ...ipout \box \AtBeginShipoutBox 
                                                  \fi \fi 
l.27 ...Almosallam} et~al.}{2016}]{almosallam+16b}
                                                  pdfTeX warning (ext4): destin
ation with the same identifier (name{figure.7}) has been already used, duplicat
e ignored

\AtBegShi@Output ...ipout \box \AtBeginShipoutBox 
                                                  \fi \fi 
l.27 ...Almosallam} et~al.}{2016}]{almosallam+16b}
                                                   <./mag_dist_sel.png> <./z_di
st.png> <./mag_impute.png> <./z_fits_model.png> <./z_fits_model_sfixed.png> <./
z_fits_frankenz_sel.png> <./z_fits_frankenz_sel_hier.png>]

Package hyperref Warning: Suppressing empty link on input line 104.


Package hyperref Warning: Suppressing empty link on input line 137.


Underfull \hbox (badness 10000) in paragraph at lines 136--139
[]\T1/aer/m/n/8 Hogg D. W., Bovy J., Lang D., 2010, preprint,
 []


Package hyperref Warning: Suppressing empty link on input line 159.


Package hyperref Warning: Suppressing empty link on input line 171.


Underfull \hbox (badness 8075) in paragraph at lines 199--201
[]\T1/aer/m/n/8 Miyazaki S., et al., 2012, in Ground-based and Air-
 []


Underfull \hbox (badness 4168) in paragraph at lines 199--201
\T1/aer/m/n/8 borne In-stru-men-ta-tion for As-tron-omy IV. p. 84460Z,
 []


Package hyperref Warning: Suppressing empty link on input line 229.


Underfull \hbox (badness 10000) in paragraph at lines 228--231
[]\T1/aer/m/n/8 Speagle J. S., Eisen-stein D. J., 2015a, preprint,
 []


Package hyperref Warning: Suppressing empty link on input line 235.


Underfull \hbox (badness 10000) in paragraph at lines 234--237
[]\T1/aer/m/n/8 Speagle J. S., Eisen-stein D. J., 2015b, preprint,
 []


Package hyperref Warning: Suppressing empty link on input line 247.


Package hyperref Warning: Suppressing empty link on input line 257.

)
Package atveryend Info: Empty hook `BeforeClearDocument' on input line 916.
 [13]
Package atveryend Info: Empty hook `AfterLastShipout' on input line 916.
 (./frankenz.aux)
Package atveryend Info: Empty hook `AtVeryEndDocument' on input line 916.
Package atveryend Info: Executing hook `AtEndAfterFileList' on input line 916.
Package rerunfilecheck Info: File `frankenz.out' has not changed.
(rerunfilecheck)             Checksum: C78124973F2BDE427FEFFB1033459398;1811.


LaTeX Font Warning: Size substitutions with differences
(Font)              up to 0.95992pt have occurred.


LaTeX Warning: There were undefined references.


LaTeX Warning: There were multiply-defined labels.

Package atveryend Info: Empty hook `AtVeryVeryEnd' on input line 916.
 ) 
Here is how much of TeX's memory you used:
 11652 strings out of 493013
 168087 string characters out of 6135682
 315669 words of memory out of 5000000
 14737 multiletter control sequences out of 15000+600000
 67909 words of font info for 158 fonts, out of 8000000 for 9000
 1141 hyphenation exceptions out of 8191
 44i,16n,42p,1486b,485s stack positions out of 5000i,500n,10000p,200000b,80000s
pdfTeX warning (dest): name{Hfootnote.1} has been referenced but does not exi
st, replaced by a fixed one

</usr/share/texlive/texmf-dist/fonts/type1/public/amsfonts/cmextra/cmbsy9.pfb><
/usr/share/texlive/texmf-dist/fonts/type1/public/amsfonts/cm/cmbx10.pfb></usr/s
hare/texlive/texmf-dist/fonts/type1/public/amsfonts/cm/cmbx12.pfb></usr/share/t
exlive/texmf-dist/fonts/type1/public/amsfonts/cm/cmbx6.pfb></usr/share/texlive/
texmf-dist/fonts/type1/public/amsfonts/cm/cmbx8.pfb></usr/share/texlive/texmf-d
ist/fonts/type1/public/amsfonts/cm/cmbx9.pfb></usr/share/texlive/texmf-dist/fon
ts/type1/public/amsfonts/cm/cmbxti10.pfb></usr/share/texlive/texmf-dist/fonts/t
ype1/public/amsfonts/cm/cmex10.pfb></usr/share/texlive/texmf-dist/fonts/type1/p
ublic/amsfonts/cmextra/cmex9.pfb></usr/share/texlive/texmf-dist/fonts/type1/pub
lic/amsfonts/cm/cmmi10.pfb></usr/share/texlive/texmf-dist/fonts/type1/public/am
sfonts/cm/cmmi5.pfb></usr/share/texlive/texmf-dist/fonts/type1/public/amsfonts/
cm/cmmi6.pfb></usr/share/texlive/texmf-dist/fonts/type1/public/amsfonts/cm/cmmi
8.pfb></usr/share/texlive/texmf-dist/fonts/type1/public/amsfonts/cm/cmmi9.pfb><
/usr/share/texlive/texmf-dist/fonts/type1/public/amsfonts/cmextra/cmmib9.pfb></
usr/share/texlive/texmf-dist/fonts/type1/public/amsfonts/cm/cmr10.pfb></usr/sha
re/texlive/texmf-dist/fonts/type1/public/amsfonts/cm/cmr12.pfb></usr/share/texl
ive/texmf-dist/fonts/type1/public/amsfonts/cm/cmr5.pfb></usr/share/texlive/texm
f-dist/fonts/type1/public/amsfonts/cm/cmr6.pfb></usr/share/texlive/texmf-dist/f
onts/type1/public/amsfonts/cm/cmr8.pfb></usr/share/texlive/texmf-dist/fonts/typ
e1/public/amsfonts/cm/cmr9.pfb></usr/share/texlive/texmf-dist/fonts/type1/publi
c/amsfonts/cm/cmsy5.pfb></usr/share/texlive/texmf-dist/fonts/type1/public/amsfo
nts/cm/cmsy6.pfb></usr/share/texlive/texmf-dist/fonts/type1/public/amsfonts/cm/
cmsy8.pfb></usr/share/texlive/texmf-dist/fonts/type1/public/amsfonts/cm/cmsy9.p
fb></usr/share/texlive/texmf-dist/fonts/type1/public/amsfonts/cm/cmti12.pfb></u
sr/share/texlive/texmf-dist/fonts/type1/public/amsfonts/cm/cmti8.pfb></usr/shar
e/texlive/texmf-dist/fonts/type1/public/amsfonts/cm/cmti9.pfb></usr/share/texli
ve/texmf-dist/fonts/type1/public/amsfonts/cm/cmtt10.pfb></usr/share/texlive/tex
mf-dist/fonts/type1/public/amsfonts/cm/cmtt8.pfb></usr/share/texlive/texmf-dist
/fonts/type1/public/amsfonts/cm/cmtt9.pfb></usr/share/texlive/texmf-dist/fonts/
type1/public/amsfonts/symbols/msbm10.pfb>
Output written on frankenz.pdf (13 pages, 988606 bytes).
PDF statistics:
 822 PDF objects out of 1000 (max. 8388607)
 753 compressed objects within 8 object streams
 203 named destinations out of 1000 (max. 500000)
 252 words of extra memory for PDF output out of 10000 (max. 10000000)

