\BOOKMARK [1][-]{section.1}{Introduction}{}% 1
\BOOKMARK [1][-]{section.2}{Background}{}% 2
\BOOKMARK [2][-]{subsection.2.1}{Photometric Inference}{section.2}% 3
\BOOKMARK [2][-]{subsection.2.2}{Inferring Redshift from Photometry}{section.2}% 4
\BOOKMARK [2][-]{subsection.2.3}{Hierarchical Inference}{section.2}% 5
\BOOKMARK [1][-]{section.3}{Photometric Likelihoods}{}% 6
\BOOKMARK [2][-]{subsection.3.1}{Flux Densities}{section.3}% 7
\BOOKMARK [2][-]{subsection.3.2}{Color Likelihoods}{section.3}% 8
\BOOKMARK [2][-]{subsection.3.3}{Dealing with Missing Data}{section.3}% 9
\BOOKMARK [1][-]{section.4}{Selection effects}{}% 10
\BOOKMARK [2][-]{subsection.4.1}{Flux Density Cuts}{section.4}% 11
\BOOKMARK [3][-]{subsubsection.4.1.1}{Magnitude Cuts}{subsection.4.1}% 12
\BOOKMARK [3][-]{subsubsection.4.1.2}{Signal-to-Noise Cuts}{subsection.4.1}% 13
\BOOKMARK [2][-]{subsection.4.2}{Color Cuts}{section.4}% 14
\BOOKMARK [1][-]{section.5}{Hierarchical Inference}{}% 15
\BOOKMARK [2][-]{subsection.5.1}{Population Inference with Redshifts \(1-D\)}{section.5}% 16
\BOOKMARK [2][-]{subsection.5.2}{Population Inference with Photometry \(p-D\)}{section.5}% 17
\BOOKMARK [2][-]{subsection.5.3}{Hierarchical Inference with Photometry}{section.5}% 18
\BOOKMARK [1][-]{section.6}{Sparse Likelihoods with Machine Learning}{}% 19
\BOOKMARK [2][-]{subsection.6.1}{Individual Example: Decision Trees}{section.6}% 20
\BOOKMARK [2][-]{subsection.6.2}{Ensemble Extension: Random Forests}{section.6}% 21
\BOOKMARK [2][-]{subsection.6.3}{Ensemble Application: k-d Trees}{section.6}% 22
\BOOKMARK [1][-]{section.7}{Tests}{}% 23
\BOOKMARK [2][-]{subsection.7.1}{Mocks}{section.7}% 24
\BOOKMARK [2][-]{subsection.7.2}{SDSS}{section.7}% 25
\BOOKMARK [1][-]{section.8}{Discussion}{}% 26
\BOOKMARK [1][-]{section.9}{Conclusion}{}% 27
